The system is: Windows - 10.0.17134 - AMD64
Compiling the C compiler identification source file "CMakeCCompilerId.c" succeeded.
Compiler: C:/Program Files (x86)/Microsoft Visual Studio/2017/Community/VC/Tools/MSVC/14.14.26428/bin/Hostx86/x86/cl.exe 
Build flags: 
Id flags:  

The output was:
0
Microsoft (R) C/C++ Optimizing Compiler Version 19.14.26433 for x86
Copyright (C) Microsoft Corporation.  All rights reserved.

CMakeCCompilerId.c
Microsoft (R) Incremental Linker Version 14.14.26433.0
Copyright (C) Microsoft Corporation.  All rights reserved.

/out:CMakeCCompilerId.exe 
CMakeCCompilerId.obj 


Compilation of the C compiler identification source "CMakeCCompilerId.c" produced "CMakeCCompilerId.exe"

Compilation of the C compiler identification source "CMakeCCompilerId.c" produced "CMakeCCompilerId.obj"

The C compiler identification is MSVC, found in "D:/BSc Electrical Engineering/IVth_TERM/watch/cmake-build-debug/CMakeFiles/3.12.0/CompilerIdC/CMakeCCompilerId.exe"

Determining if the C compiler works passed with the following output:
Change Dir: D:/BSc Electrical Engineering/IVth_TERM/watch/cmake-build-debug/CMakeFiles/CMakeTmp

Run Build Command:"nmake" "/nologo" "cmTC_373f4\fast"
	"C:\Program Files (x86)\Microsoft Visual Studio\2017\Community\VC\Tools\MSVC\14.14.26428\bin\HostX86\x86\nmake.exe" -f CMakeFiles\cmTC_373f4.dir\build.make /nologo -L                  CMakeFiles\cmTC_373f4.dir\build
Building C object CMakeFiles/cmTC_373f4.dir/testCCompiler.c.obj
	C:\PROGRA~2\MICROS~1\2017\COMMUN~1\VC\Tools\MSVC\1414~1.264\bin\Hostx86\x86\cl.exe @C:\Users\apoll\AppData\Local\Temp\nmAB89.tmp
testCCompiler.c
Linking C executable cmTC_373f4.exe
	"C:\Program Files\JetBrains\CLion 2018.2.1\bin\cmake\win\bin\cmake.exe" -E vs_link_exe --intdir=CMakeFiles\cmTC_373f4.dir --manifests  -- C:\PROGRA~2\MICROS~1\2017\COMMUN~1\VC\Tools\MSVC\1414~1.264\bin\Hostx86\x86\link.exe /nologo @CMakeFiles\cmTC_373f4.dir\objects1.rsp @C:\Users\apoll\AppData\Local\Temp\nmAD8D.tmp


Detecting C compiler ABI info compiled with the following output:
Change Dir: D:/BSc Electrical Engineering/IVth_TERM/watch/cmake-build-debug/CMakeFiles/CMakeTmp

Run Build Command:"nmake" "/nologo" "cmTC_286c6\fast"
	"C:\Program Files (x86)\Microsoft Visual Studio\2017\Community\VC\Tools\MSVC\14.14.26428\bin\HostX86\x86\nmake.exe" -f CMakeFiles\cmTC_286c6.dir\build.make /nologo -L                  CMakeFiles\cmTC_286c6.dir\build
Building C object CMakeFiles/cmTC_286c6.dir/CMakeCCompilerABI.c.obj
	C:\PROGRA~2\MICROS~1\2017\COMMUN~1\VC\Tools\MSVC\1414~1.264\bin\Hostx86\x86\cl.exe @C:\Users\apoll\AppData\Local\Temp\nmB50E.tmp
CMakeCCompilerABI.c
Linking C executable cmTC_286c6.exe
	"C:\Program Files\JetBrains\CLion 2018.2.1\bin\cmake\win\bin\cmake.exe" -E vs_link_exe --intdir=CMakeFiles\cmTC_286c6.dir --manifests  -- C:\PROGRA~2\MICROS~1\2017\COMMUN~1\VC\Tools\MSVC\1414~1.264\bin\Hostx86\x86\link.exe /nologo @CMakeFiles\cmTC_286c6.dir\objects1.rsp @C:\Users\apoll\AppData\Local\Temp\nmB5EA.tmp




Detecting C [] compiler features compiled with the following output:
Change Dir: D:/BSc Electrical Engineering/IVth_TERM/watch/cmake-build-debug/CMakeFiles/CMakeTmp

Run Build Command:"nmake" "/nologo" "cmTC_2a650\fast"
	"C:\Program Files (x86)\Microsoft Visual Studio\2017\Community\VC\Tools\MSVC\14.14.26428\bin\HostX86\x86\nmake.exe" -f CMakeFiles\cmTC_2a650.dir\build.make /nologo -L                  CMakeFiles\cmTC_2a650.dir\build
Building C object CMakeFiles/cmTC_2a650.dir/feature_tests.c.obj
	C:\PROGRA~2\MICROS~1\2017\COMMUN~1\VC\Tools\MSVC\1414~1.264\bin\Hostx86\x86\cl.exe @C:\Users\apoll\AppData\Local\Temp\nmBEB3.tmp
feature_tests.c
Linking C executable cmTC_2a650.exe
	"C:\Program Files\JetBrains\CLion 2018.2.1\bin\cmake\win\bin\cmake.exe" -E vs_link_exe --intdir=CMakeFiles\cmTC_2a650.dir --manifests  -- C:\PROGRA~2\MICROS~1\2017\COMMUN~1\VC\Tools\MSVC\1414~1.264\bin\Hostx86\x86\link.exe /nologo @CMakeFiles\cmTC_2a650.dir\objects1.rsp @C:\Users\apoll\AppData\Local\Temp\nmBFFC.tmp


    Feature record: C_FEATURE:1c_function_prototypes
    Feature record: C_FEATURE:1c_variadic_macros
